Could not determine dtype for column 32, falling back to string
Could not determine dtype for column 33, falling back to string
======================================================================
1. Loading WTA historical data
======================================================================
  Loaded 2021: 2447 matches
  Loaded 2022: 2369 matches
  Loaded 2023: 2491 matches
  Loaded 2024: 2490 matches
  Loaded 2025: 2505 matches
  Loaded 2026: 1422 matches
  Historical matches: 11277
  2025 validation matches: 2464
  2026 completed matches: 1422

======================================================================
2. Loading saved model parameters
======================================================================
  Loaded parameters: tau=0.023835, s=1.961183, init_var=1.650834

======================================================================
3. Filtering historical matches with saved parameters
======================================================================
  Saved state to outputs/tennis_factorial_state.json
  Top 10 players by filtered skill:
    Keys M                         skill=+1.601 var=0.995
    Osaka N                        skill=+1.600 var=1.092
    Bouzkova M                     skill=+1.216 var=1.174
    Kostyuk M                      skill=+1.006 var=1.467
    Andreeva M                     skill=+0.969 var=1.346
    Montgomery R                   skill=+0.954 var=1.380
    Navarro E                      skill=+0.940 var=1.035
    Noskova L                      skill=+0.934 var=1.184
    Svitolina E                    skill=+0.826 var=1.175
    Chwalinska M                   skill=+0.819 var=1.447

======================================================================
4. Loading WTA fixtures
======================================================================
  Loaded 9 WTA fixtures (9 matched, 0 skipped)
  Latest historical timestamp: 1639
  Future fixture predictions: 9

======================================================================
5. Exporting predictions and completed results
======================================================================
  Loaded 57 Polymarket tennis moneylines from 100 events
  Matched Polymarket prices to 9 model matches
  Saved canonical predictions to outputs/predictions.json
  Saved latest prediction data to outputs/latest
  Saved dated prediction data to outputs/daily/2026-07-10
  Copied frontend runtime predictions to frontend/public/data/predictions.json
  Saved committed completed results to frontend/public/data/results.json
======================================================================
Done
======================================================================
