Could not determine dtype for column 32, falling back to string
Could not determine dtype for column 33, falling back to string
======================================================================
OU Model with Smoothing - Analysis
======================================================================

1. Loading WTA historical data...
  Loaded 2021: 2447 matches
  Loaded 2022: 2369 matches
  Loaded 2023: 2491 matches
  Loaded 2024: 2490 matches
  Loaded 2025: 2505 matches
  Loaded 2026: 1422 matches
   Total matches: 11277

2. Loading saved model parameters...
   tau=0.023835, s=1.961183, init_var=1.650834

3. Creating OU model...
   Players: 561

4. Running forward filter (collecting states)...
   Collected 11278 filter states

5. Running backward smoother...
Traceback (most recent call last):
  File "/Users/ryant/Github/ryantjx/tennis_ssm/analyze_smoothing.py", line 236, in <module>
    main()
    ~~~~^^
  File "/Users/ryant/Github/ryantjx/tennis_ssm/analyze_smoothing.py", line 83, in main
    smoothed_states = model.smooth(all_filtered_states, historical_data.jax_data)
  File "/Users/ryant/Github/ryantjx/tennis_ssm/src/model/gaussianfactorial_tennis.py", line 540, in smooth
    from cuthbert.gaussian import smoother as gaussian_smoother
ImportError: cannot import name 'smoother' from 'cuthbert.gaussian' (/Users/ryant/Github/ryantjx/tennis_ssm/.venv/lib/python3.13/site-packages/cuthbert/gaussian/__init__.py). Did you mean: 'Smoother'?
